<?xml version="1.0" encoding="UTF-8"?>
<testng-results skipped="0" failed="0" ignored="0" total="1" passed="1">
  <reporter-output>
  </reporter-output>
  <suite name="Default suite" duration-ms="19785" started-at="2018-06-13T06:20:32Z" finished-at="2018-06-13T06:20:51Z">
    <groups>
    </groups>
    <test name="Default test" duration-ms="19785" started-at="2018-06-13T06:20:32Z" finished-at="2018-06-13T06:20:51Z">
      <class name="seleniumAID.EnterTextInTextBox">
        <test-method status="PASS" signature="enterText()[pri:0, instance:seleniumAID.EnterTextInTextBox@45820e51]" name="enterText" duration-ms="19766" started-at="2018-06-13T06:20:32Z" finished-at="2018-06-13T06:20:51Z">
          <reporter-output>
          </reporter-output>
        </test-method> <!-- enterText -->
      </class> <!-- seleniumAID.EnterTextInTextBox -->
    </test> <!-- Default test -->
  </suite> <!-- Default suite -->
</testng-results>
